<?xml version="1.0" encoding="UTF-8"?>
<!-- Generated by org.testng.reporters.JUnitReportReporter -->
<testsuite hostname="DESKTOP-1B17E07" failures="0" tests="1" name="Page_object_model.LoginTest" time="14.913" errors="0" timestamp="2024-02-05T20:01:11 IST" skipped="0">
  <testcase classname="Page_object_model.LoginTest" name="login" time="14.913"/>
</testsuite> <!-- Page_object_model.LoginTest -->
