<?xml version="1.0" encoding="UTF-8"?>
<!-- Generated by org.testng.reporters.JUnitReportReporter -->
<testsuite hostname="DESKTOP-1B17E07" failures="0" tests="3" name="TestNG_Examples.TestNG_Ex6" time="0.007" errors="0" timestamp="2024-02-05T19:28:15 IST" skipped="0">
  <testcase classname="TestNG_Examples.TestNG_Ex6" name="main3" time="0.002"/>
  <testcase classname="TestNG_Examples.TestNG_Ex6" name="main" time="0.004"/>
  <testcase classname="TestNG_Examples.TestNG_Ex6" name="main2" time="0.001"/>
</testsuite> <!-- TestNG_Examples.TestNG_Ex6 -->
