<?xml version="1.0" encoding="UTF-8"?>
<!-- Generated by org.testng.reporters.JUnitReportReporter -->
<testsuite hostname="DESKTOP-1B17E07" failures="0" tests="2" name="TestNG_Examples.TestNG_Ex2" time="0.003" errors="0" timestamp="2024-02-05T19:28:15 IST" skipped="0">
  <testcase classname="TestNG_Examples.TestNG_Ex2" name="test2" time="0.001"/>
  <testcase classname="TestNG_Examples.TestNG_Ex2" name="test1" time="0.002"/>
</testsuite> <!-- TestNG_Examples.TestNG_Ex2 -->
