<?xml version="1.0" encoding="UTF-8"?>
<!-- Generated by org.testng.reporters.JUnitReportReporter -->
<testsuite hostname="DESKTOP-1B17E07" failures="0" tests="2" name="TestNG_Examples.Login_Functionality" time="22.383" errors="0" timestamp="2024-02-05T19:28:15 IST" skipped="0">
  <testcase classname="TestNG_Examples.Login_Functionality" name="url" time="0.009"/>
  <testcase classname="TestNG_Examples.Login_Functionality" name="login" time="22.374"/>
</testsuite> <!-- TestNG_Examples.Login_Functionality -->
