<?xml version="1.0" encoding="UTF-8"?>
<!-- Generated by org.testng.reporters.JUnitReportReporter -->
<testsuite hostname="DESKTOP-1B17E07" failures="0" tests="1" name="Data_Driven_Framework.Login_Functionality" time="8.231" errors="0" timestamp="2024-02-06T19:47:23 IST" skipped="0">
  <testcase classname="Data_Driven_Framework.Login_Functionality" name="login" time="8.231"/>
</testsuite> <!-- Data_Driven_Framework.Login_Functionality -->
