<?xml version="1.0" encoding="UTF-8"?>
<!-- Generated by org.testng.reporters.JUnitReportReporter -->
<testsuite hostname="DESKTOP-1B17E07" failures="0" tests="2" name="TestNG_Examples.TestNg_Ex3" time="0.008" errors="0" timestamp="2024-02-05T19:28:15 IST" skipped="0">
  <testcase classname="TestNG_Examples.TestNg_Ex3" name="test2" time="0.007"/>
  <testcase classname="TestNG_Examples.TestNg_Ex3" name="test1" time="0.001"/>
</testsuite> <!-- TestNG_Examples.TestNg_Ex3 -->
