<?xml version="1.0" encoding="UTF-8"?>
<!-- Generated by org.testng.reporters.JUnitReportReporter -->
<testsuite hostname="DESKTOP-1B17E07" failures="0" tests="1" name="TestNG_Examples.TestNG_Ex1" time="0.009" errors="0" timestamp="2024-02-05T19:28:15 IST" skipped="0">
  <testcase classname="TestNG_Examples.TestNG_Ex1" name="test" time="0.009"/>
</testsuite> <!-- TestNG_Examples.TestNG_Ex1 -->
